# JRE version: OpenJDK Runtime Environment (11.0.10) (build 11.0.10+0-b96-7249189)
# Java VM: OpenJDK 64-Bit Server VM (11.0.10+0-b96-7249189, mixed mode, tiered, compressed oops, g1 gc, windows-amd64)
Heap:
 garbage-first heap   total 262144K, used 170685K [0x0000000080000000, 0x0000000100000000)
  region size 1024K, 90 young (92160K), 16 survivors (16384K)
 Metaspace       used 107671K, capacity 110628K, committed 110848K, reserved 1144832K
  class space    used 13733K, capacity 14853K, committed 14924K, reserved 1048576K
GC Heap History (20 events):
Event: 4.058 GC heap before
{Heap before GC invocations=3 (full 0):
 garbage-first heap   total 262144K, used 78777K [0x0000000080000000, 0x0000000100000000)
  region size 1024K, 72 young (73728K), 10 survivors (10240K)
 Metaspace       used 26536K, capacity 27264K, committed 27392K, reserved 1073152K
  class space    used 3493K, capacity 3755K, committed 3840K, reserved 1048576K
}
Event: 4.065 GC heap after
{Heap after GC invocations=4 (full 0):
 garbage-first heap   total 262144K, used 19020K [0x0000000080000000, 0x0000000100000000)
  region size 1024K, 3 young (3072K), 3 survivors (3072K)
 Metaspace       used 26536K, capacity 27264K, committed 27392K, reserved 1073152K
  class space    used 3493K, capacity 3755K, committed 3840K, reserved 1048576K
}
Event: 5.022 GC heap before
{Heap before GC invocations=4 (full 0):
 garbage-first heap   total 262144K, used 67148K [0x0000000080000000, 0x0000000100000000)
  region size 1024K, 52 young (53248K), 3 survivors (3072K)
 Metaspace       used 35083K, capacity 35826K, committed 35840K, reserved 1081344K
  class space    used 4547K, capacity 4864K, committed 4864K, reserved 1048576K
}
Event: 5.029 GC heap after
{Heap after GC invocations=5 (full 0):
 garbage-first heap   total 262144K, used 22262K [0x0000000080000000, 0x0000000100000000)
  region size 1024K, 6 young (6144K), 6 survivors (6144K)
 Metaspace       used 35083K, capacity 35826K, committed 35840K, reserved 1081344K
  class space    used 4547K, capacity 4864K, committed 4864K, reserved 1048576K
}
Event: 6.306 GC heap before
{Heap before GC invocations=6 (full 0):
 garbage-first heap   total 262144K, used 134902K [0x0000000080000000, 0x0000000100000000)
  region size 1024K, 113 young (115712K), 6 survivors (6144K)
 Metaspace       used 43877K, capacity 44964K, committed 45260K, reserved 1089536K
  class space    used 5618K, capacity 6003K, committed 6092K, reserved 1048576K
}
Event: 6.315 GC heap after
{Heap after GC invocations=7 (full 0):
 garbage-first heap   total 262144K, used 28444K [0x0000000080000000, 0x0000000100000000)
  region size 1024K, 12 young (12288K), 12 survivors (12288K)
 Metaspace       used 43877K, capacity 44964K, committed 45260K, reserved 1089536K
  class space    used 5618K, capacity 6003K, committed 6092K, reserved 1048576K
}
Event: 8.270 GC heap before
{Heap before GC invocations=7 (full 0):
 garbage-first heap   total 262144K, used 164636K [0x0000000080000000, 0x0000000100000000)
  region size 1024K, 141 young (144384K), 12 survivors (12288K)
 Metaspace       used 56178K, capacity 57579K, committed 57932K, reserved 1099776K
  class space    used 7128K, capacity 7647K, committed 7756K, reserved 1048576K
}
Event: 8.283 GC heap after
{Heap after GC invocations=8 (full 0):
 garbage-first heap   total 262144K, used 42460K [0x0000000080000000, 0x0000000100000000)
  region size 1024K, 17 young (17408K), 17 survivors (17408K)
 Metaspace       used 56178K, capacity 57579K, committed 57932K, reserved 1099776K
  class space    used 7128K, capacity 7647K, committed 7756K, reserved 1048576K
}
Event: 8.587 GC heap before
{Heap before GC invocations=8 (full 0):
 garbage-first heap   total 262144K, used 56796K [0x0000000080000000, 0x0000000100000000)
  region size 1024K, 32 young (32768K), 17 survivors (17408K)
 Metaspace       used 58545K, capacity 60066K, committed 60288K, reserved 1101824K
  class space    used 7437K, capacity 8030K, committed 8140K, reserved 1048576K
}
Event: 8.607 GC heap after
{Heap after GC invocations=9 (full 0):
 garbage-first heap   total 262144K, used 44435K [0x0000000080000000, 0x0000000100000000)
  region size 1024K, 13 young (13312K), 13 survivors (13312K)
 Metaspace       used 58545K, capacity 60066K, committed 60288K, reserved 1101824K
  class space    used 7437K, capacity 8030K, committed 8140K, reserved 1048576K
}
Event: 11.073 GC heap before
{Heap before GC invocations=10 (full 0):
 garbage-first heap   total 262144K, used 187795K [0x0000000080000000, 0x0000000100000000)
  region size 1024K, 153 young (156672K), 13 survivors (13312K)
 Metaspace       used 70692K, capacity 72374K, committed 72576K, reserved 1112064K
  class space    used 9203K, capacity 9815K, committed 9932K, reserved 1048576K
}
Event: 11.121 GC heap after
{Heap after GC invocations=11 (full 0):
 garbage-first heap   total 262144K, used 55325K [0x0000000080000000, 0x0000000100000000)
  region size 1024K, 13 young (13312K), 13 survivors (13312K)
 Metaspace       used 70692K, capacity 72374K, committed 72576K, reserved 1112064K
  class space    used 9203K, capacity 9815K, committed 9932K, reserved 1048576K
}
Event: 13.301 GC heap before
{Heap before GC invocations=12 (full 0):
 garbage-first heap   total 262144K, used 195613K [0x0000000080000000, 0x0000000100000000)
  region size 1024K, 149 young (152576K), 13 survivors (13312K)
 Metaspace       used 80410K, capacity 82558K, committed 82688K, reserved 1120256K
  class space    used 10517K, capacity 11317K, committed 11340K, reserved 1048576K
}
Event: 13.322 GC heap after
{Heap after GC invocations=13 (full 0):
 garbage-first heap   total 262144K, used 74372K [0x0000000080000000, 0x0000000100000000)
  region size 1024K, 19 young (19456K), 19 survivors (19456K)
 Metaspace       used 80410K, capacity 82558K, committed 82688K, reserved 1120256K
  class space    used 10517K, capacity 11317K, committed 11340K, reserved 1048576K
}
Event: 16.244 GC heap before
{Heap before GC invocations=13 (full 0):
 garbage-first heap   total 262144K, used 211588K [0x0000000080000000, 0x0000000100000000)
  region size 1024K, 136 young (139264K), 19 survivors (19456K)
 Metaspace       used 84420K, capacity 86570K, committed 86912K, reserved 1124352K
  class space    used 10840K, capacity 11637K, committed 11724K, reserved 1048576K
}
Event: 16.261 GC heap after
{Heap after GC invocations=14 (full 0):
 garbage-first heap   total 262144K, used 80203K [0x0000000080000000, 0x0000000100000000)
  region size 1024K, 9 young (9216K), 9 survivors (9216K)
 Metaspace       used 84420K, capacity 86570K, committed 86912K, reserved 1124352K
  class space    used 10840K, capacity 11637K, committed 11724K, reserved 1048576K
}
Event: 19.539 GC heap before
{Heap before GC invocations=14 (full 0):
 garbage-first heap   total 262144K, used 196939K [0x0000000080000000, 0x0000000100000000)
  region size 1024K, 124 young (126976K), 9 survivors (9216K)
 Metaspace       used 91419K, capacity 93641K, committed 93824K, reserved 1130496K
  class space    used 11586K, capacity 12429K, committed 12492K, reserved 1048576K
}
Event: 19.550 GC heap after
{Heap after GC invocations=15 (full 0):
 garbage-first heap   total 262144K, used 82678K [0x0000000080000000, 0x0000000100000000)
  region size 1024K, 12 young (12288K), 12 survivors (12288K)
 Metaspace       used 91419K, capacity 93641K, committed 93824K, reserved 1130496K
  class space    used 11586K, capacity 12429K, committed 12492K, reserved 1048576K
}
Event: 21.299 GC heap before
{Heap before GC invocations=15 (full 0):
 garbage-first heap   total 262144K, used 202486K [0x0000000080000000, 0x0000000100000000)
  region size 1024K, 128 young (131072K), 12 survivors (12288K)
 Metaspace       used 99890K, capacity 102325K, committed 102528K, reserved 1138688K
  class space    used 12601K, capacity 13485K, committed 13516K, reserved 1048576K
}
Event: 21.316 GC heap after
{Heap after GC invocations=16 (full 0):
 garbage-first heap   total 262144K, used 94909K [0x0000000080000000, 0x0000000100000000)
  region size 1024K, 16 young (16384K), 16 survivors (16384K)
 Metaspace       used 99890K, capacity 102325K, committed 102528K, reserved 1138688K
  class space    used 12601K, capacity 13485K, committed 13516K, reserved 1048576K
}

